TN:
SF:generate-glossary-deck.js
FN:14,readGlossaryTSV
FN:21,(anonymous_1)
FN:41,(anonymous_2)
FN:59,generateCards
FN:62,(anonymous_4)
FN:98,findTSVFiles
FN:129,main
FN:144,(anonymous_7)
FN:182,(anonymous_8)
FN:183,(anonymous_9)
FN:187,(anonymous_10)
FN:192,(anonymous_11)
FNF:12
FNH:6
FNDA:26,readGlossaryTSV
FNDA:1476,(anonymous_1)
FNDA:2858,(anonymous_2)
FNDA:33,generateCards
FNDA:1438,(anonymous_4)
FNDA:77,findTSVFiles
FNDA:0,main
FNDA:0,(anonymous_7)
FNDA:0,(anonymous_8)
FNDA:0,(anonymous_9)
FNDA:0,(anonymous_10)
FNDA:0,(anonymous_11)
DA:3,2
DA:4,2
DA:5,2
DA:15,26
DA:16,0
DA:17,0
DA:20,26
DA:21,1476
DA:23,26
DA:24,0
DA:25,0
DA:29,26
DA:30,26
DA:32,26
DA:33,1429
DA:34,1429
DA:36,1429
DA:37,0
DA:38,0
DA:41,2858
DA:43,1429
DA:44,0
DA:45,0
DA:48,1429
DA:49,0
DA:50,0
DA:53,1429
DA:56,26
DA:60,33
DA:62,33
DA:65,1438
DA:67,2
DA:70,1436
DA:74,1438
DA:83,1438
DA:92,33
DA:99,77
DA:101,77
DA:102,1
DA:105,76
DA:107,76
DA:108,99
DA:109,99
DA:111,99
DA:113,55
DA:114,55
DA:115,44
DA:117,39
DA:118,39
DA:126,76
DA:130,0
DA:132,0
DA:133,0
DA:136,0
DA:138,0
DA:139,0
DA:140,0
DA:143,0
DA:144,0
DA:145,0
DA:146,0
DA:149,0
DA:150,0
DA:152,0
DA:153,0
DA:154,0
DA:156,0
DA:157,0
DA:158,0
DA:161,0
DA:162,0
DA:166,0
DA:168,0
DA:171,0
DA:173,0
DA:174,0
DA:176,0
DA:179,0
DA:180,0
DA:181,0
DA:182,0
DA:183,0
DA:186,0
DA:187,0
DA:188,0
DA:191,0
DA:192,0
DA:193,0
DA:197,0
DA:198,0
DA:202,0
DA:203,0
DA:204,0
DA:207,0
DA:208,0
DA:210,0
DA:211,0
DA:212,0
DA:213,0
DA:214,0
DA:215,0
DA:216,0
DA:217,0
DA:218,0
DA:220,0
DA:221,0
DA:222,0
DA:225,0
DA:228,2
DA:229,0
DA:232,2
LF:111
LH:42
BRDA:15,0,0,0
BRDA:15,0,1,26
BRDA:23,1,0,0
BRDA:23,1,1,26
BRDA:36,2,0,0
BRDA:36,2,1,1429
BRDA:43,3,0,0
BRDA:43,3,1,1429
BRDA:48,4,0,0
BRDA:48,4,1,1429
BRDA:65,5,0,2
BRDA:65,5,1,1436
BRDA:65,6,0,1438
BRDA:65,6,1,1436
BRDA:98,7,0,22
BRDA:101,8,0,1
BRDA:101,8,1,76
BRDA:111,9,0,55
BRDA:111,9,1,44
BRDA:115,10,0,39
BRDA:115,10,1,5
BRDA:115,11,0,44
BRDA:115,11,1,7
BRDA:138,12,0,0
BRDA:138,12,1,0
BRDA:145,13,0,0
BRDA:145,13,1,0
BRDA:156,14,0,0
BRDA:156,14,1,0
BRDA:166,15,0,0
BRDA:166,15,1,0
BRDA:166,16,0,0
BRDA:166,16,1,0
BRDA:188,17,0,0
BRDA:188,17,1,0
BRDA:197,18,0,0
BRDA:197,18,1,0
BRDA:228,19,0,0
BRDA:228,19,1,2
BRF:39
BRH:19
end_of_record
TN:
SF:lib/anki-generator.js
FN:10,(anonymous_0)
FN:18,(anonymous_1)
FN:22,(anonymous_2)
FN:31,(anonymous_3)
FN:113,(anonymous_4)
FN:118,(anonymous_5)
FN:130,(anonymous_6)
FN:157,(anonymous_7)
FN:160,(anonymous_8)
FN:184,(anonymous_9)
FN:268,(anonymous_10)
FN:340,(anonymous_11)
FN:349,(anonymous_12)
FN:372,(anonymous_13)
FN:395,(anonymous_14)
FN:408,(anonymous_15)
FN:436,(anonymous_16)
FNF:17
FNH:17
FNDA:9,(anonymous_0)
FNDA:3,(anonymous_1)
FNDA:3,(anonymous_2)
FNDA:4,(anonymous_3)
FNDA:8,(anonymous_4)
FNDA:10,(anonymous_5)
FNDA:17,(anonymous_6)
FNDA:3,(anonymous_7)
FNDA:3,(anonymous_8)
FNDA:3,(anonymous_9)
FNDA:3,(anonymous_10)
FNDA:3,(anonymous_11)
FNDA:3,(anonymous_12)
FNDA:5,(anonymous_13)
FNDA:3,(anonymous_14)
FNDA:3,(anonymous_15)
FNDA:3,(anonymous_16)
DA:1,3
DA:2,3
DA:11,9
DA:12,9
DA:13,9
DA:14,9
DA:15,9
DA:19,3
DA:24,3
DA:25,3
DA:26,54
DA:28,3
DA:32,4
DA:110,4
DA:114,8
DA:115,8
DA:118,8
DA:119,10
DA:120,10
DA:121,20
DA:126,8
DA:127,8
DA:130,8
DA:131,17
DA:132,17
DA:133,17
DA:134,7
DA:137,8
DA:138,18
DA:153,8
DA:154,8
DA:158,3
DA:160,3
DA:161,3
DA:164,3
DA:167,3
DA:170,3
DA:171,3
DA:174,3
DA:175,3
DA:178,3
DA:180,3
DA:186,3
DA:265,3
DA:269,3
DA:271,3
DA:287,3
DA:325,3
DA:330,3
DA:342,3
DA:343,3
DA:345,3
DA:346,3
DA:350,3
DA:353,3
DA:372,3
DA:373,5
DA:391,3
DA:392,3
DA:396,3
DA:401,3
DA:406,3
DA:408,3
DA:409,3
DA:410,3
DA:411,3
DA:414,3
DA:417,3
DA:418,3
DA:419,3
DA:422,3
DA:428,3
DA:429,3
DA:437,3
DA:438,3
DA:440,3
DA:441,3
DA:442,3
DA:445,3
DA:446,3
DA:449,3
DA:452,3
DA:453,3
DA:455,3
DA:456,3
DA:460,3
LF:86
LH:86
BRDA:133,0,0,10
BRDA:133,0,1,7
BRDA:414,1,0,2
BRDA:414,1,1,1
BRDA:419,2,0,3
BRDA:419,2,1,0
BRDA:428,3,0,3
BRDA:428,3,1,0
BRF:8
BRH:6
end_of_record
